<?xml version="1.0" encoding="UTF-8"?>
<testng-results skipped="0" failed="0" total="1" passed="1">
  <reporter-output>
  </reporter-output>
  <suite name="Suite" duration-ms="36630" started-at="2019-05-27T11:46:40Z" finished-at="2019-05-27T11:47:16Z">
    <groups>
    </groups>
    <test name="Test" duration-ms="36630" started-at="2019-05-27T11:46:40Z" finished-at="2019-05-27T11:47:16Z">
      <class name="Demo.NewTest">
        <test-method status="PASS" signature="f()[pri:0, instance:Demo.NewTest@68fb2c38]" name="f" duration-ms="36555" started-at="2019-05-27T17:16:40Z" finished-at="2019-05-27T17:17:16Z">
          <reporter-output>
          </reporter-output>
        </test-method> <!-- f -->
      </class> <!-- Demo.NewTest -->
    </test> <!-- Test -->
  </suite> <!-- Suite -->
</testng-results>
